<?xml version="1.0" encoding="UTF-8"?>
<!-- Generated by org.testng.reporters.JUnitReportReporter -->
<testsuite hostname="DESKTOP-PI8H93R" failures="0" tests="1" name="sample_1.FacebookLoginPage" time="5.378" errors="0" timestamp="2023-07-08T11:06:04 IST" skipped="0">
  <testcase classname="sample_1.FacebookLoginPage" name="ValidatingEmptyfield" time="5.378"/>
  <system-out>
    <![CDATA[Starting browser...
Opening FB login Page...]]>
  </system-out>
</testsuite> <!-- sample_1.FacebookLoginPage -->
